<?xml version="1.0" encoding="UTF-8"?>
<!-- Generated by org.testng.reporters.JUnitXMLReporter -->
<testsuite hostname="ASEN-D-AD023" ignored="0" name="Default test" tests="3" failures="0" timestamp="31 Jan 2017 18:28:50 GMT" time="24.494" errors="0">
  <testcase name="firefox" time="14.582" classname="firsttestngpackage.Multibrowser"/>
  <testcase name="ie" time="2.438" classname="firsttestngpackage.Multibrowser"/>
  <testcase name="openpage" time="7.433" classname="firsttestngpackage.Multibrowser"/>
</testsuite> <!-- Default test -->
